[2024-09-28T02:05:26.460+0000] {local_task_job_runner.py:123} INFO - ::group::Pre task execution logs
[2024-09-28T02:05:26.476+0000] {taskinstance.py:2612} INFO - Dependencies all met for dep_context=non-requeueable deps ti=<TaskInstance: etl_asteroids_near_earth_ETL.main_etl_asteriods_near_earth manual__2024-09-28T02:05:20.833978+00:00 [queued]>
[2024-09-28T02:05:26.485+0000] {taskinstance.py:2612} INFO - Dependencies all met for dep_context=requeueable deps ti=<TaskInstance: etl_asteroids_near_earth_ETL.main_etl_asteriods_near_earth manual__2024-09-28T02:05:20.833978+00:00 [queued]>
[2024-09-28T02:05:26.487+0000] {taskinstance.py:2865} INFO - Starting attempt 1 of 2
[2024-09-28T02:05:26.501+0000] {taskinstance.py:2888} INFO - Executing <Task(PythonOperator): main_etl_asteriods_near_earth> on 2024-09-28 02:05:20.833978+00:00
[2024-09-28T02:05:26.510+0000] {warnings.py:112} WARNING - /home/***/.local/lib/python3.12/site-packages/***/task/task_runner/standard_task_runner.py:70: DeprecationWarning: This process (pid=797) is multi-threaded, use of fork() may lead to deadlocks in the child.
  pid = os.fork()

[2024-09-28T02:05:26.512+0000] {standard_task_runner.py:72} INFO - Started process 801 to run task
[2024-09-28T02:05:26.512+0000] {standard_task_runner.py:104} INFO - Running: ['***', 'tasks', 'run', 'etl_asteroids_near_earth_ETL', 'main_etl_asteriods_near_earth', 'manual__2024-09-28T02:05:20.833978+00:00', '--job-id', '3', '--raw', '--subdir', 'DAGS_FOLDER/etl_dag_v2.py', '--cfg-path', '/tmp/tmp5vc0h53b']
[2024-09-28T02:05:26.514+0000] {standard_task_runner.py:105} INFO - Job 3: Subtask main_etl_asteriods_near_earth
[2024-09-28T02:05:26.567+0000] {task_command.py:467} INFO - Running <TaskInstance: etl_asteroids_near_earth_ETL.main_etl_asteriods_near_earth manual__2024-09-28T02:05:20.833978+00:00 [running]> on host 5ea24098af8a
[2024-09-28T02:05:26.654+0000] {taskinstance.py:3131} INFO - Exporting env vars: AIRFLOW_CTX_DAG_OWNER='***' AIRFLOW_CTX_DAG_ID='etl_asteroids_near_earth_ETL' AIRFLOW_CTX_TASK_ID='main_etl_asteriods_near_earth' AIRFLOW_CTX_EXECUTION_DATE='2024-09-28T02:05:20.833978+00:00' AIRFLOW_CTX_TRY_NUMBER='1' AIRFLOW_CTX_DAG_RUN_ID='manual__2024-09-28T02:05:20.833978+00:00'
[2024-09-28T02:05:26.656+0000] {logging_mixin.py:190} INFO - Task instance is in running state
[2024-09-28T02:05:26.657+0000] {logging_mixin.py:190} INFO -  Previous state of the Task instance: queued
[2024-09-28T02:05:26.658+0000] {logging_mixin.py:190} INFO - Current task name:main_etl_asteriods_near_earth state:running start_date:2024-09-28 02:05:26.477967+00:00
[2024-09-28T02:05:26.659+0000] {logging_mixin.py:190} INFO - Dag name:etl_asteroids_near_earth_ETL and current dag run status:running
[2024-09-28T02:05:26.659+0000] {taskinstance.py:731} INFO - ::endgroup::
[2024-09-28T02:05:30.917+0000] {logging_mixin.py:190} INFO - Connection to Redshift successful!
[2024-09-28T02:05:32.097+0000] {logging_mixin.py:190} INFO - Connection to Redshift successful!
[2024-09-28T02:05:32.979+0000] {logging_mixin.py:190} INFO - Connection to Redshift successful!
[2024-09-28T02:06:06.816+0000] {logging_mixin.py:190} INFO - Inserts were successful.
[2024-09-28T02:06:06.819+0000] {python.py:240} INFO - Done. Returned value was: None
[2024-09-28T02:06:06.837+0000] {taskinstance.py:340} INFO - ::group::Post task execution logs
[2024-09-28T02:06:06.839+0000] {taskinstance.py:352} INFO - Marking task as SUCCESS. dag_id=etl_asteroids_near_earth_ETL, task_id=main_etl_asteriods_near_earth, run_id=manual__2024-09-28T02:05:20.833978+00:00, execution_date=20240928T020520, start_date=20240928T020526, end_date=20240928T020606
[2024-09-28T02:06:06.856+0000] {logging_mixin.py:190} INFO - Task instance in success state
[2024-09-28T02:06:06.861+0000] {logging_mixin.py:190} INFO -  Previous state of the Task instance: running
[2024-09-28T02:06:06.862+0000] {logging_mixin.py:190} INFO - Dag name:etl_asteroids_near_earth_ETL queued_at:2024-09-28 02:05:20.995290+00:00
[2024-09-28T02:06:06.864+0000] {logging_mixin.py:190} INFO - Task hostname:5ea24098af8a operator:PythonOperator
[2024-09-28T02:06:06.889+0000] {local_task_job_runner.py:266} INFO - Task exited with return code 0
[2024-09-28T02:06:06.903+0000] {local_task_job_runner.py:245} INFO - ::endgroup::
